2012-08-21 16:17:04,922 [12] Orchard.Environment.DefaultAssemblyLoader - Error loading assembly 'NHibernate.Caches.SysCache2'
System.IO.FileNotFoundException: Could not load file or assembly 'NHibernate.Caches.SysCache2' or one of its dependencies. The system cannot find the file specified.
File name: 'NHibernate.Caches.SysCache2'
   at System.Reflection.RuntimeAssembly._nLoad(AssemblyName fileName, String codeBase, Evidence assemblySecurity, RuntimeAssembly locationHint, StackCrawlMark& stackMark, IntPtr pPrivHostBinder, Boolean throwOnFileNotFound, Boolean forIntrospection, Boolean suppressSecurityChecks)
   at System.Reflection.RuntimeAssembly.nLoad(AssemblyName fileName, String codeBase, Evidence assemblySecurity, RuntimeAssembly locationHint, StackCrawlMark& stackMark, IntPtr pPrivHostBinder, Boolean throwOnFileNotFound, Boolean forIntrospection, Boolean suppressSecurityChecks)
   at System.Reflection.RuntimeAssembly.InternalLoadAssemblyName(AssemblyName assemblyRef, Evidence assemblySecurity, RuntimeAssembly reqAssembly, StackCrawlMark& stackMark, IntPtr pPrivHostBinder, Boolean throwOnFileNotFound, Boolean forIntrospection, Boolean suppressSecurityChecks)
   at System.Reflection.RuntimeAssembly.InternalLoad(String assemblyString, Evidence assemblySecurity, StackCrawlMark& stackMark, IntPtr pPrivHostBinder, Boolean forIntrospection)
   at System.Reflection.RuntimeAssembly.InternalLoad(String assemblyString, Evidence assemblySecurity, StackCrawlMark& stackMark, Boolean forIntrospection)
   at System.Reflection.Assembly.Load(String assemblyString)
   at Orchard.Environment.DefaultAssemblyLoader.LoadWorker(String shortName, String fullName) in d:\Orchard\src\Orchard\Environment\IAssemblyLoader.cs:line 56
   at Orchard.Environment.DefaultAssemblyLoader.<>c__DisplayClass4.<Load>b__2(String shortName) in d:\Orchard\src\Orchard\Environment\IAssemblyLoader.cs:line 26
   at System.Collections.Concurrent.ConcurrentDictionary`2.GetOrAdd(TKey key, Func`2 valueFactory)
   at Orchard.Environment.DefaultAssemblyLoader.Load(String assemblyName) in d:\Orchard\src\Orchard\Environment\IAssemblyLoader.cs:line 26
2012-09-20 22:43:55,519 [6] Orchard.Exceptions.DefaultExceptionPolicy - An unexpected exception was caught
System.Reflection.TargetInvocationException: Exception has been thrown by the target of an invocation. ---> Autofac.Core.DependencyResolutionException: No scope with a Tag matching 'work' is visible from the scope in which the instance was requested. This generally indicates that a component registered as per-HTTP request is being reqested by a SingleInstance() component (or a similar scenario.) Under the web integration always request dependencies from the DependencyResolver.Current or ILifetimeScopeProvider.RequestLifetime, never from the container itself.
   at Autofac.Core.Lifetime.MatchingScopeLifetime.FindScope(ISharingLifetimeScope mostNestedVisibleScope)
   at Autofac.Core.Resolving.InstanceLookup..ctor(IComponentRegistration registration, IResolveOperation context, ISharingLifetimeScope mostNestedVisibleScope, IEnumerable`1 parameters)
   at Autofac.Core.Resolving.ResolveOperation.GetOrCreateInstance(ISharingLifetimeScope currentOperationScope, IComponentRegistration registration, IEnumerable`1 parameters)
   at Autofac.Core.Resolving.InstanceLookup.ResolveComponent(IComponentRegistration registration, IEnumerable`1 parameters)
   at Autofac.Core.Activators.Reflection.AutowiringParameter.<>c__DisplayClass2.<CanSupplyValue>b__0()
   at Autofac.Core.Activators.Reflection.ConstructorParameterBinding.Instantiate()
   at Autofac.Core.Activators.Reflection.ReflectionActivator.ActivateInstance(IComponentContext context, IEnumerable`1 parameters)
   at Autofac.Core.Resolving.InstanceLookup.Activate(IEnumerable`1 parameters)
   at Autofac.Core.Resolving.InstanceLookup.<Execute>b__6()
   at Autofac.Core.Lifetime.LifetimeScope.GetOrCreateAndShare(Guid id, Func`1 creator)
   at Autofac.Core.Resolving.InstanceLookup.Execute()
   at Autofac.Core.Resolving.ResolveOperation.GetOrCreateInstance(ISharingLifetimeScope currentOperationScope, IComponentRegistration registration, IEnumerable`1 parameters)
   at Autofac.Core.Resolving.InstanceLookup.ResolveComponent(IComponentRegistration registration, IEnumerable`1 parameters)
   at Autofac.Features.Collections.CollectionRegistrationSource.<>c__DisplayClass4.<>c__DisplayClass6.<RegistrationsFor>b__1(IComponentRegistration cr)
   at System.Linq.Enumerable.WhereSelectArrayIterator`2.MoveNext()
   at System.Linq.Buffer`1..ctor(IEnumerable`1 source)
   at System.Linq.Enumerable.ToArray[TSource](IEnumerable`1 source)
   at Autofac.Features.Collections.CollectionRegistrationSource.<>c__DisplayClass4.<RegistrationsFor>b__0(IComponentContext c, IEnumerable`1 p)
   at Autofac.Core.Activators.Delegate.DelegateActivator.ActivateInstance(IComponentContext context, IEnumerable`1 parameters)
   at Autofac.Core.Resolving.InstanceLookup.Activate(IEnumerable`1 parameters)
   at Autofac.Core.Resolving.InstanceLookup.Execute()
   at Autofac.Core.Resolving.ResolveOperation.GetOrCreateInstance(ISharingLifetimeScope currentOperationScope, IComponentRegistration registration, IEnumerable`1 parameters)
   at Autofac.Core.Resolving.InstanceLookup.ResolveComponent(IComponentRegistration registration, IEnumerable`1 parameters)
   at Autofac.Core.Registration.ExternalRegistrySource.<>c__DisplayClass8.<RegistrationsFor>b__3(IComponentContext c, IEnumerable`1 p)
   at Autofac.Builder.RegistrationBuilder.<>c__DisplayClass1`1.<ForDelegate>b__0(IComponentContext c, IEnumerable`1 p)
   at Autofac.Core.Activators.Delegate.DelegateActivator.ActivateInstance(IComponentContext context, IEnumerable`1 parameters)
   at Autofac.Core.Resolving.InstanceLookup.Activate(IEnumerable`1 parameters)
   at Autofac.Core.Resolving.InstanceLookup.Execute()
   at Autofac.Core.Resolving.ResolveOperation.GetOrCreateInstance(ISharingLifetimeScope currentOperationScope, IComponentRegistration registration, IEnumerable`1 parameters)
   at Autofac.Core.Resolving.ResolveOperation.ResolveComponent(IComponentRegistration registration, IEnumerable`1 parameters)
   at Autofac.Core.Resolving.ResolveOperation.Execute(IComponentRegistration registration, IEnumerable`1 parameters)
   at Autofac.Core.Lifetime.LifetimeScope.ResolveComponent(IComponentRegistration registration, IEnumerable`1 parameters)
   at Autofac.Features.LazyDependencies.LazyRegistrationSource.<>c__DisplayClass5`1.<>c__DisplayClass7.<CreateLazyRegistration>b__4()
   at System.Lazy`1.CreateValue()
   at System.Lazy`1.LazyInitValue()
   at System.Lazy`1.get_Value()
   at Orchard.ContentManagement.DefaultContentManager.get_Handlers() in D:\Lehoczky Zoltan\Documents\Weblapok\Orchard HUN\src\Orchard\ContentManagement\DefaultContentManager.cs:line 62
   at Orchard.ContentManagement.DefaultContentManager.New(String contentType) in D:\Lehoczky Zoltan\Documents\Weblapok\Orchard HUN\src\Orchard\ContentManagement\DefaultContentManager.cs:line 83
   at Orchard.ContentManagement.DefaultContentManager.Get(Int32 id, VersionOptions options, QueryHints hints) in D:\Lehoczky Zoltan\Documents\Weblapok\Orchard HUN\src\Orchard\ContentManagement\DefaultContentManager.cs:line 199
   at Orchard.ContentManagement.DefaultContentManager.Get(Int32 id, VersionOptions options) in D:\Lehoczky Zoltan\Documents\Weblapok\Orchard HUN\src\Orchard\ContentManagement\DefaultContentManager.cs:line 111
   at Orchard.ContentManagement.DefaultContentQuery.<Slice>b__0(ContentItemVersionRecord x) in D:\Lehoczky Zoltan\Documents\Weblapok\Orchard HUN\src\Orchard\ContentManagement\DefaultContentQuery.cs:line 148
   at System.Linq.Enumerable.WhereSelectListIterator`2.MoveNext()
   at System.Collections.Generic.List`1..ctor(IEnumerable`1 collection)
   at System.Linq.Enumerable.ToList[TSource](IEnumerable`1 source)
   at Orchard.Utility.Extensions.ReadOnlyCollectionExtensions.ToReadOnlyCollection[T](IEnumerable`1 enumerable) in D:\Lehoczky Zoltan\Documents\Weblapok\Orchard HUN\src\Orchard\Utility\Extensions\ReadOnlyCollectionExtensions.cs:line 8
   at Orchard.ContentManagement.DefaultContentQuery.Slice(Int32 skip, Int32 count) in D:\Lehoczky Zoltan\Documents\Weblapok\Orchard HUN\src\Orchard\ContentManagement\DefaultContentQuery.cs:line 146
   at Orchard.ContentManagement.DefaultContentQuery.ContentQuery`1.Orchard.ContentManagement.IContentQuery<T>.List() in D:\Lehoczky Zoltan\Documents\Weblapok\Orchard HUN\src\Orchard\ContentManagement\DefaultContentQuery.cs:line 191
   at Contrib.Taxonomies.Services.TaxonomyService.GetSlugs()
   at Contrib.Taxonomies.Routing.TaxonomySlugConstraintUpdator.Refresh()
   at Contrib.Taxonomies.Routing.TaxonomySlugConstraintUpdator.Orchard.Environment.IOrchardShellEvents.Activated()
   --- End of inner exception stack trace ---
   at System.RuntimeMethodHandle.InvokeMethod(Object target, Object[] arguments, Signature sig, Boolean constructor)
   at System.Reflection.RuntimeMethodInfo.UnsafeInvokeInternal(Object obj, Object[] parameters, Object[] arguments)
   at System.Reflection.RuntimeMethodInfo.Invoke(Object obj, BindingFlags invokeAttr, Binder binder, Object[] parameters, CultureInfo culture)
   at System.Reflection.MethodBase.Invoke(Object obj, Object[] parameters)
   at Orchard.Events.DefaultOrchardEventBus.TryInvokeMethod(IEventHandler eventHandler, Type interfaceType, String methodName, IDictionary`2 arguments, IEnumerable& returnValue) in D:\Lehoczky Zoltan\Documents\Weblapok\Orchard HUN\src\Orchard\Events\DefaultOrchardEventBus.cs:line 83
   at Orchard.Events.DefaultOrchardEventBus.TryInvoke(IEventHandler eventHandler, String interfaceName, String methodName, IDictionary`2 arguments, IEnumerable& returnValue) in D:\Lehoczky Zoltan\Documents\Weblapok\Orchard HUN\src\Orchard\Events\DefaultOrchardEventBus.cs:line 68
   at Orchard.Events.DefaultOrchardEventBus.TryNotifyHandler(IEventHandler eventHandler, String messageName, String interfaceName, String methodName, IDictionary`2 eventData, IEnumerable& returnValue) in D:\Lehoczky Zoltan\Documents\Weblapok\Orchard HUN\src\Orchard\Events\DefaultOrchardEventBus.cs:line 52